Building DAG of jobs...
MissingInputException in line 23 of /home/gmoney/Code/moth/moth/expression/run_stringtie:
Missing input files for rule all:
/uru/Data/Nanopore/projects/moth/2020_analysis/sra_rna_data/expression_analysisstringtie2/ERX1090057/ERX1090057_ST2.gtf
/uru/Data/Nanopore/projects/moth/2020_analysis/sra_rna_data/expression_analysisstringtie2/SRX1339223/SRX1339223_ST2.gtf
/uru/Data/Nanopore/projects/moth/2020_analysis/sra_rna_data/expression_analysisstringtie2/ERX341662/ERX341662_ST2.gtf
/uru/Data/Nanopore/projects/moth/2020_analysis/sra_rna_data/expression_analysisstringtie2/ERX1090058/ERX1090058_ST2.gtf
/uru/Data/Nanopore/projects/moth/2020_analysis/sra_rna_data/expression_analysisstringtie2/SRX1339211/SRX1339211_ST2.gtf
/uru/Data/Nanopore/projects/moth/2020_analysis/sra_rna_data/expression_analysisstringtie2/SRX702720/SRX702720_ST2.gtf
/uru/Data/Nanopore/projects/moth/2020_analysis/sra_rna_data/expression_analysisstringtie2/SRX1339219/SRX1339219_ST2.gtf
/uru/Data/Nanopore/projects/moth/2020_analysis/sra_rna_data/expression_analysisstringtie2/SRX1339203/SRX1339203_ST2.gtf
/uru/Data/Nanopore/projects/moth/2020_analysis/sra_rna_data/expression_analysisstringtie2/ERX341664/ERX341664_ST2.gtf
/uru/Data/Nanopore/projects/moth/2020_analysis/sra_rna_data/expression_analysisstringtie2/SRX1339222/SRX1339222_ST2.gtf
/uru/Data/Nanopore/projects/moth/2020_analysis/sra_rna_data/expression_analysisstringtie2/SRX702721/SRX702721_ST2.gtf
/uru/Data/Nanopore/projects/moth/2020_analysis/sra_rna_data/expression_analysisstringtie2/SRX1339217/SRX1339217_ST2.gtf
/uru/Data/Nanopore/projects/moth/2020_analysis/sra_rna_data/expression_analysisstringtie2/SRX1339224/SRX1339224_ST2.gtf
/uru/Data/Nanopore/projects/moth/2020_analysis/sra_rna_data/expression_analysisstringtie2/SRX702708/SRX702708_ST2.gtf
/uru/Data/Nanopore/projects/moth/2020_analysis/sra_rna_data/expression_analysisstringtie2/ERX341658/ERX341658_ST2.gtf
/uru/Data/Nanopore/projects/moth/2020_analysis/sra_rna_data/expression_analysisstringtie2/SRX702707/SRX702707_ST2.gtf
/uru/Data/Nanopore/projects/moth/2020_analysis/sra_rna_data/expression_analysisstringtie2/SRX702709/SRX702709_ST2.gtf
/uru/Data/Nanopore/projects/moth/2020_analysis/sra_rna_data/expression_analysisstringtie2/SRX702722/SRX702722_ST2.gtf
/uru/Data/Nanopore/projects/moth/2020_analysis/sra_rna_data/expression_analysisstringtie2/SRX702710/SRX702710_ST2.gtf
/uru/Data/Nanopore/projects/moth/2020_analysis/sra_rna_data/expression_analysisstringtie2/SRX1339205/SRX1339205_ST2.gtf
/uru/Data/Nanopore/projects/moth/2020_analysis/sra_rna_data/expression_analysisstringtie2/ERX1090056/ERX1090056_ST2.gtf
/uru/Data/Nanopore/projects/moth/2020_analysis/sra_rna_data/expression_analysisstringtie2/SRX702723/SRX702723_ST2.gtf
/uru/Data/Nanopore/projects/moth/2020_analysis/sra_rna_data/expression_analysisstringtie2/SRX1339216/SRX1339216_ST2.gtf
/uru/Data/Nanopore/projects/moth/2020_analysis/sra_rna_data/expression_analysisstringtie2/SRX702713/SRX702713_ST2.gtf
/uru/Data/Nanopore/projects/moth/2020_analysis/sra_rna_data/expression_analysisstringtie2/SRX702719/SRX702719_ST2.gtf
/uru/Data/Nanopore/projects/moth/2020_analysis/sra_rna_data/expression_analysisstringtie2/SRX1339218/SRX1339218_ST2.gtf
/uru/Data/Nanopore/projects/moth/2020_analysis/sra_rna_data/expression_analysisstringtie2/SRX702724/SRX702724_ST2.gtf
/uru/Data/Nanopore/projects/moth/2020_analysis/sra_rna_data/expression_analysisstringtie2/SRX1339209/SRX1339209_ST2.gtf
/uru/Data/Nanopore/projects/moth/2020_analysis/sra_rna_data/expression_analysisstringtie2/ERX341659/ERX341659_ST2.gtf
/uru/Data/Nanopore/projects/moth/2020_analysis/sra_rna_data/expression_analysisstringtie2/SRX702702/SRX702702_ST2.gtf
/uru/Data/Nanopore/projects/moth/2020_analysis/sra_rna_data/expression_analysisstringtie2/SRX1339208/SRX1339208_ST2.gtf
/uru/Data/Nanopore/projects/moth/2020_analysis/sra_rna_data/expression_analysisstringtie2/SRX1339206/SRX1339206_ST2.gtf
/uru/Data/Nanopore/projects/moth/2020_analysis/sra_rna_data/expression_analysisstringtie2/SRX1339210/SRX1339210_ST2.gtf
/uru/Data/Nanopore/projects/moth/2020_analysis/sra_rna_data/expression_analysisstringtie2/SRX702732/SRX702732_ST2.gtf
/uru/Data/Nanopore/projects/moth/2020_analysis/sra_rna_data/expression_analysisstringtie2/ERX341661/ERX341661_ST2.gtf
/uru/Data/Nanopore/projects/moth/2020_analysis/sra_rna_data/expression_analysisstringtie2/SRX702725/SRX702725_ST2.gtf
/uru/Data/Nanopore/projects/moth/2020_analysis/sra_rna_data/expression_analysisstringtie2/SRX702727/SRX702727_ST2.gtf
/uru/Data/Nanopore/projects/moth/2020_analysis/sra_rna_data/expression_analysisstringtie2/ERX1090055/ERX1090055_ST2.gtf
/uru/Data/Nanopore/projects/moth/2020_analysis/sra_rna_data/expression_analysisstringtie2/SRX1339221/SRX1339221_ST2.gtf
/uru/Data/Nanopore/projects/moth/2020_analysis/sra_rna_data/expression_analysisstringtie2/SRX702716/SRX702716_ST2.gtf
/uru/Data/Nanopore/projects/moth/2020_analysis/sra_rna_data/expression_analysisstringtie2/SRX702717/SRX702717_ST2.gtf
/uru/Data/Nanopore/projects/moth/2020_analysis/sra_rna_data/expression_analysisstringtie2/SRX702726/SRX702726_ST2.gtf
/uru/Data/Nanopore/projects/moth/2020_analysis/sra_rna_data/expression_analysisstringtie2/ERX1090060/ERX1090060_ST2.gtf
/uru/Data/Nanopore/projects/moth/2020_analysis/sra_rna_data/expression_analysisstringtie2/SRX702706/SRX702706_ST2.gtf
/uru/Data/Nanopore/projects/moth/2020_analysis/sra_rna_data/expression_analysisstringtie2/SRX702703/SRX702703_ST2.gtf
/uru/Data/Nanopore/projects/moth/2020_analysis/sra_rna_data/expression_analysisstringtie2/ERX1090061/ERX1090061_ST2.gtf
/uru/Data/Nanopore/projects/moth/2020_analysis/sra_rna_data/expression_analysisstringtie2/SRX702731/SRX702731_ST2.gtf
/uru/Data/Nanopore/projects/moth/2020_analysis/sra_rna_data/expression_analysisstringtie2/SRX1339207/SRX1339207_ST2.gtf
/uru/Data/Nanopore/projects/moth/2020_analysis/sra_rna_data/expression_analysisstringtie2/SRX702701/SRX702701_ST2.gtf
/uru/Data/Nanopore/projects/moth/2020_analysis/sra_rna_data/expression_analysisstringtie2/SRX702704/SRX702704_ST2.gtf
/uru/Data/Nanopore/projects/moth/2020_analysis/sra_rna_data/expression_analysisstringtie2/SRX702733/SRX702733_ST2.gtf
/uru/Data/Nanopore/projects/moth/2020_analysis/sra_rna_data/expression_analysisstringtie2/SRX702715/SRX702715_ST2.gtf
/uru/Data/Nanopore/projects/moth/2020_analysis/sra_rna_data/expression_analysisstringtie2/SRX702728/SRX702728_ST2.gtf
/uru/Data/Nanopore/projects/moth/2020_analysis/sra_rna_data/expression_analysisstringtie2/ERX341663/ERX341663_ST2.gtf
/uru/Data/Nanopore/projects/moth/2020_analysis/sra_rna_data/expression_analysisstringtie2/ERX1090059/ERX1090059_ST2.gtf
/uru/Data/Nanopore/projects/moth/2020_analysis/sra_rna_data/expression_analysisstringtie2/SRX1339212/SRX1339212_ST2.gtf
/uru/Data/Nanopore/projects/moth/2020_analysis/sra_rna_data/expression_analysisstringtie2/SRX1339202/SRX1339202_ST2.gtf
/uru/Data/Nanopore/projects/moth/2020_analysis/sra_rna_data/expression_analysisstringtie2/SRX702712/SRX702712_ST2.gtf
/uru/Data/Nanopore/projects/moth/2020_analysis/sra_rna_data/expression_analysisstringtie2/ERX341660/ERX341660_ST2.gtf
/uru/Data/Nanopore/projects/moth/2020_analysis/sra_rna_data/expression_analysisstringtie2/SRX702718/SRX702718_ST2.gtf
/uru/Data/Nanopore/projects/moth/2020_analysis/sra_rna_data/expression_analysisstringtie2/SRX702711/SRX702711_ST2.gtf
/uru/Data/Nanopore/projects/moth/2020_analysis/sra_rna_data/expression_analysisstringtie2/SRX702729/SRX702729_ST2.gtf
/uru/Data/Nanopore/projects/moth/2020_analysis/sra_rna_data/expression_analysisstringtie2/SRX702730/SRX702730_ST2.gtf
/uru/Data/Nanopore/projects/moth/2020_analysis/sra_rna_data/expression_analysisstringtie2/ERX341665/ERX341665_ST2.gtf
/uru/Data/Nanopore/projects/moth/2020_analysis/sra_rna_data/expression_analysisstringtie2/SRX702705/SRX702705_ST2.gtf
/uru/Data/Nanopore/projects/moth/2020_analysis/sra_rna_data/expression_analysisstringtie2/SRX702714/SRX702714_ST2.gtf
/uru/Data/Nanopore/projects/moth/2020_analysis/sra_rna_data/expression_analysisstringtie2/SRX1339204/SRX1339204_ST2.gtf
