Building DAG of jobs...
Using shell: /bin/bash
Provided cores: 1
Rules claiming more threads will be scaled down.
Job counts:
	count	jobs
	1	all
	67	stringtie_short_1st
	68

[Wed Apr 15 15:17:39 2020]
Job 17: First stringtie run...

[Wed Apr 15 15:20:04 2020]
Finished job 17.
1 of 68 steps (1%) done

[Wed Apr 15 15:20:04 2020]
Job 11: First stringtie run...

[Wed Apr 15 15:21:50 2020]
Finished job 11.
2 of 68 steps (3%) done

[Wed Apr 15 15:21:50 2020]
Job 26: First stringtie run...

[Wed Apr 15 15:23:27 2020]
Finished job 26.
3 of 68 steps (4%) done

[Wed Apr 15 15:23:27 2020]
Job 4: First stringtie run...

[Wed Apr 15 15:25:13 2020]
Finished job 4.
4 of 68 steps (6%) done

[Wed Apr 15 15:25:13 2020]
Job 25: First stringtie run...

[Wed Apr 15 15:26:51 2020]
Finished job 25.
5 of 68 steps (7%) done

[Wed Apr 15 15:26:51 2020]
Job 43: First stringtie run...

[Wed Apr 15 15:28:10 2020]
Finished job 43.
6 of 68 steps (9%) done

[Wed Apr 15 15:28:10 2020]
Job 48: First stringtie run...

[Wed Apr 15 15:29:30 2020]
Finished job 48.
7 of 68 steps (10%) done

[Wed Apr 15 15:29:30 2020]
Job 56: First stringtie run...

[Wed Apr 15 15:30:41 2020]
Finished job 56.
8 of 68 steps (12%) done

[Wed Apr 15 15:30:41 2020]
Job 59: First stringtie run...

[Wed Apr 15 15:31:56 2020]
Finished job 59.
9 of 68 steps (13%) done

[Wed Apr 15 15:31:56 2020]
Job 61: First stringtie run...

[Wed Apr 15 15:33:09 2020]
Finished job 61.
10 of 68 steps (15%) done

[Wed Apr 15 15:33:09 2020]
Job 52: First stringtie run...

[Wed Apr 15 15:34:22 2020]
Finished job 52.
11 of 68 steps (16%) done

[Wed Apr 15 15:34:22 2020]
Job 38: First stringtie run...

[Wed Apr 15 15:35:39 2020]
Finished job 38.
12 of 68 steps (18%) done

[Wed Apr 15 15:35:39 2020]
Job 32: First stringtie run...

[Wed Apr 15 15:36:48 2020]
Finished job 32.
13 of 68 steps (19%) done

[Wed Apr 15 15:36:48 2020]
Job 23: First stringtie run...

[Wed Apr 15 15:37:52 2020]
Finished job 23.
14 of 68 steps (21%) done

[Wed Apr 15 15:37:52 2020]
Job 13: First stringtie run...

[Wed Apr 15 15:39:08 2020]
Finished job 13.
15 of 68 steps (22%) done

[Wed Apr 15 15:39:08 2020]
Job 21: First stringtie run...

[Wed Apr 15 15:40:20 2020]
Finished job 21.
16 of 68 steps (24%) done

[Wed Apr 15 15:40:20 2020]
Job 29: First stringtie run...

[Wed Apr 15 15:41:35 2020]
Finished job 29.
17 of 68 steps (25%) done

[Wed Apr 15 15:41:35 2020]
Job 15: First stringtie run...

[Wed Apr 15 15:42:47 2020]
Finished job 15.
18 of 68 steps (26%) done

[Wed Apr 15 15:42:47 2020]
Job 67: First stringtie run...

[Wed Apr 15 15:43:48 2020]
Finished job 67.
19 of 68 steps (28%) done

[Wed Apr 15 15:43:48 2020]
Job 19: First stringtie run...

[Wed Apr 15 15:44:45 2020]
Finished job 19.
20 of 68 steps (29%) done

[Wed Apr 15 15:44:45 2020]
Job 53: First stringtie run...

[Wed Apr 15 15:45:45 2020]
Finished job 53.
21 of 68 steps (31%) done

[Wed Apr 15 15:45:45 2020]
Job 16: First stringtie run...

[Wed Apr 15 15:46:52 2020]
Finished job 16.
22 of 68 steps (32%) done

[Wed Apr 15 15:46:52 2020]
Job 5: First stringtie run...

[Wed Apr 15 15:47:45 2020]
Finished job 5.
23 of 68 steps (34%) done

[Wed Apr 15 15:47:45 2020]
Job 47: First stringtie run...

[Wed Apr 15 15:48:49 2020]
Finished job 47.
24 of 68 steps (35%) done

[Wed Apr 15 15:48:49 2020]
Job 46: First stringtie run...

[Wed Apr 15 15:49:44 2020]
Finished job 46.
25 of 68 steps (37%) done

[Wed Apr 15 15:49:44 2020]
Job 63: First stringtie run...

[Wed Apr 15 15:50:31 2020]
Finished job 63.
26 of 68 steps (38%) done

[Wed Apr 15 15:50:31 2020]
Job 2: First stringtie run...

[Wed Apr 15 15:51:14 2020]
Finished job 2.
27 of 68 steps (40%) done

[Wed Apr 15 15:51:14 2020]
Job 1: First stringtie run...

[Wed Apr 15 15:51:58 2020]
Finished job 1.
28 of 68 steps (41%) done

[Wed Apr 15 15:51:58 2020]
Job 50: First stringtie run...

[Wed Apr 15 15:52:36 2020]
Finished job 50.
29 of 68 steps (43%) done

[Wed Apr 15 15:52:36 2020]
Job 6: First stringtie run...

[Wed Apr 15 15:53:14 2020]
Finished job 6.
30 of 68 steps (44%) done

[Wed Apr 15 15:53:14 2020]
Job 34: First stringtie run...

[Wed Apr 15 15:53:58 2020]
Finished job 34.
31 of 68 steps (46%) done

[Wed Apr 15 15:53:58 2020]
Job 40: First stringtie run...

[Wed Apr 15 15:54:35 2020]
Finished job 40.
32 of 68 steps (47%) done

[Wed Apr 15 15:54:35 2020]
Job 66: First stringtie run...

[Wed Apr 15 15:55:09 2020]
Finished job 66.
33 of 68 steps (49%) done

[Wed Apr 15 15:55:09 2020]
Job 37: First stringtie run...

[Wed Apr 15 15:55:37 2020]
Finished job 37.
34 of 68 steps (50%) done

[Wed Apr 15 15:55:37 2020]
Job 60: First stringtie run...

[Wed Apr 15 15:56:06 2020]
Finished job 60.
35 of 68 steps (51%) done

[Wed Apr 15 15:56:06 2020]
Job 36: First stringtie run...

[Wed Apr 15 15:56:33 2020]
Finished job 36.
36 of 68 steps (53%) done

[Wed Apr 15 15:56:33 2020]
Job 41: First stringtie run...

[Wed Apr 15 15:57:00 2020]
Finished job 41.
37 of 68 steps (54%) done

[Wed Apr 15 15:57:00 2020]
Job 7: First stringtie run...

[Wed Apr 15 15:57:25 2020]
Finished job 7.
38 of 68 steps (56%) done

[Wed Apr 15 15:57:25 2020]
Job 14: First stringtie run...

[Wed Apr 15 15:57:45 2020]
Finished job 14.
39 of 68 steps (57%) done

[Wed Apr 15 15:57:45 2020]
Job 28: First stringtie run...

[Wed Apr 15 15:58:08 2020]
Finished job 28.
40 of 68 steps (59%) done

[Wed Apr 15 15:58:08 2020]
Job 58: First stringtie run...

[Wed Apr 15 15:58:31 2020]
Finished job 58.
41 of 68 steps (60%) done

[Wed Apr 15 15:58:31 2020]
Job 22: First stringtie run...

[Wed Apr 15 15:58:48 2020]
Finished job 22.
42 of 68 steps (62%) done

[Wed Apr 15 15:58:48 2020]
Job 35: First stringtie run...

[Wed Apr 15 15:59:09 2020]
Finished job 35.
43 of 68 steps (63%) done

[Wed Apr 15 15:59:09 2020]
Job 44: First stringtie run...

[Wed Apr 15 15:59:27 2020]
Finished job 44.
44 of 68 steps (65%) done

[Wed Apr 15 15:59:27 2020]
Job 39: First stringtie run...

[Wed Apr 15 15:59:45 2020]
Finished job 39.
45 of 68 steps (66%) done

[Wed Apr 15 15:59:45 2020]
Job 27: First stringtie run...

[Wed Apr 15 16:00:03 2020]
Finished job 27.
46 of 68 steps (68%) done

[Wed Apr 15 16:00:03 2020]
Job 62: First stringtie run...

[Wed Apr 15 16:00:21 2020]
Finished job 62.
47 of 68 steps (69%) done

[Wed Apr 15 16:00:21 2020]
Job 51: First stringtie run...

[Wed Apr 15 16:00:34 2020]
Finished job 51.
48 of 68 steps (71%) done

[Wed Apr 15 16:00:34 2020]
Job 45: First stringtie run...

[Wed Apr 15 16:00:48 2020]
Finished job 45.
49 of 68 steps (72%) done

[Wed Apr 15 16:00:48 2020]
Job 55: First stringtie run...

[Wed Apr 15 16:01:02 2020]
Finished job 55.
50 of 68 steps (74%) done

[Wed Apr 15 16:01:02 2020]
Job 9: First stringtie run...

[Wed Apr 15 16:01:16 2020]
Finished job 9.
51 of 68 steps (75%) done

[Wed Apr 15 16:01:16 2020]
Job 64: First stringtie run...

[Wed Apr 15 16:01:30 2020]
Finished job 64.
52 of 68 steps (76%) done

[Wed Apr 15 16:01:30 2020]
Job 42: First stringtie run...

[Wed Apr 15 16:01:42 2020]
Finished job 42.
53 of 68 steps (78%) done

[Wed Apr 15 16:01:42 2020]
Job 12: First stringtie run...

[Wed Apr 15 16:01:54 2020]
Finished job 12.
54 of 68 steps (79%) done

[Wed Apr 15 16:01:54 2020]
Job 54: First stringtie run...

[Wed Apr 15 16:02:07 2020]
Finished job 54.
55 of 68 steps (81%) done

[Wed Apr 15 16:02:07 2020]
Job 31: First stringtie run...

[Wed Apr 15 16:02:20 2020]
Finished job 31.
56 of 68 steps (82%) done

[Wed Apr 15 16:02:20 2020]
Job 30: First stringtie run...

[Wed Apr 15 16:02:32 2020]
Finished job 30.
57 of 68 steps (84%) done

[Wed Apr 15 16:02:32 2020]
Job 33: First stringtie run...

[Wed Apr 15 16:02:43 2020]
Finished job 33.
58 of 68 steps (85%) done

[Wed Apr 15 16:02:43 2020]
Job 10: First stringtie run...

[Wed Apr 15 16:02:53 2020]
Finished job 10.
59 of 68 steps (87%) done

[Wed Apr 15 16:02:53 2020]
Job 20: First stringtie run...

[Wed Apr 15 16:03:04 2020]
Finished job 20.
60 of 68 steps (88%) done

[Wed Apr 15 16:03:04 2020]
Job 3: First stringtie run...

[Wed Apr 15 16:03:15 2020]
Finished job 3.
61 of 68 steps (90%) done

[Wed Apr 15 16:03:15 2020]
Job 8: First stringtie run...

[Wed Apr 15 16:03:25 2020]
Finished job 8.
62 of 68 steps (91%) done

[Wed Apr 15 16:03:25 2020]
Job 49: First stringtie run...

[Wed Apr 15 16:03:36 2020]
Finished job 49.
63 of 68 steps (93%) done

[Wed Apr 15 16:03:36 2020]
Job 65: First stringtie run...

[Wed Apr 15 16:03:46 2020]
Finished job 65.
64 of 68 steps (94%) done

[Wed Apr 15 16:03:46 2020]
Job 24: First stringtie run...

[Wed Apr 15 16:03:55 2020]
Finished job 24.
65 of 68 steps (96%) done

[Wed Apr 15 16:03:55 2020]
Job 18: First stringtie run...

[Wed Apr 15 16:04:04 2020]
Finished job 18.
66 of 68 steps (97%) done

[Wed Apr 15 16:04:04 2020]
Job 57: First stringtie run...

[Wed Apr 15 16:04:12 2020]
Finished job 57.
67 of 68 steps (99%) done

[Wed Apr 15 16:04:12 2020]
localrule all:
    input: /uru/Data/Nanopore/projects/moth/2020_analysis/sra_rna_data/expression_analysis/stringtie2/SRX702706/SRX702706_ST2.gtf, /uru/Data/Nanopore/projects/moth/2020_analysis/sra_rna_data/expression_analysis/stringtie2/SRX702701/SRX702701_ST2.gtf, /uru/Data/Nanopore/projects/moth/2020_analysis/sra_rna_data/expression_analysis/stringtie2/SRX702703/SRX702703_ST2.gtf, /uru/Data/Nanopore/projects/moth/2020_analysis/sra_rna_data/expression_analysis/stringtie2/SRX702713/SRX702713_ST2.gtf, /uru/Data/Nanopore/projects/moth/2020_analysis/sra_rna_data/expression_analysis/stringtie2/SRX702708/SRX702708_ST2.gtf, /uru/Data/Nanopore/projects/moth/2020_analysis/sra_rna_data/expression_analysis/stringtie2/SRX702722/SRX702722_ST2.gtf, /uru/Data/Nanopore/projects/moth/2020_analysis/sra_rna_data/expression_analysis/stringtie2/SRX702714/SRX702714_ST2.gtf, /uru/Data/Nanopore/projects/moth/2020_analysis/sra_rna_data/expression_analysis/stringtie2/SRX702716/SRX702716_ST2.gtf, /uru/Data/Nanopore/projects/moth/2020_analysis/sra_rna_data/expression_analysis/stringtie2/SRX702711/SRX702711_ST2.gtf, /uru/Data/Nanopore/projects/moth/2020_analysis/sra_rna_data/expression_analysis/stringtie2/SRX702712/SRX702712_ST2.gtf, /uru/Data/Nanopore/projects/moth/2020_analysis/sra_rna_data/expression_analysis/stringtie2/SRX702715/SRX702715_ST2.gtf, /uru/Data/Nanopore/projects/moth/2020_analysis/sra_rna_data/expression_analysis/stringtie2/SRX702718/SRX702718_ST2.gtf, /uru/Data/Nanopore/projects/moth/2020_analysis/sra_rna_data/expression_analysis/stringtie2/ERX1090057/ERX1090057_ST2.gtf, /uru/Data/Nanopore/projects/moth/2020_analysis/sra_rna_data/expression_analysis/stringtie2/SRX702725/SRX702725_ST2.gtf, /uru/Data/Nanopore/projects/moth/2020_analysis/sra_rna_data/expression_analysis/stringtie2/SRX702732/SRX702732_ST2.gtf, /uru/Data/Nanopore/projects/moth/2020_analysis/sra_rna_data/expression_analysis/stringtie2/SRX702727/SRX702727_ST2.gtf, /uru/Data/Nanopore/projects/moth/2020_analysis/sra_rna_data/expression_analysis/stringtie2/ERX1090058/ERX1090058_ST2.gtf, /uru/Data/Nanopore/projects/moth/2020_analysis/sra_rna_data/expression_analysis/stringtie2/SRX702726/SRX702726_ST2.gtf, /uru/Data/Nanopore/projects/moth/2020_analysis/sra_rna_data/expression_analysis/stringtie2/ERX1090060/ERX1090060_ST2.gtf, /uru/Data/Nanopore/projects/moth/2020_analysis/sra_rna_data/expression_analysis/stringtie2/ERX1090061/ERX1090061_ST2.gtf, /uru/Data/Nanopore/projects/moth/2020_analysis/sra_rna_data/expression_analysis/stringtie2/ERX341658/ERX341658_ST2.gtf, /uru/Data/Nanopore/projects/moth/2020_analysis/sra_rna_data/expression_analysis/stringtie2/ERX341659/ERX341659_ST2.gtf, /uru/Data/Nanopore/projects/moth/2020_analysis/sra_rna_data/expression_analysis/stringtie2/ERX341660/ERX341660_ST2.gtf, /uru/Data/Nanopore/projects/moth/2020_analysis/sra_rna_data/expression_analysis/stringtie2/ERX341661/ERX341661_ST2.gtf, /uru/Data/Nanopore/projects/moth/2020_analysis/sra_rna_data/expression_analysis/stringtie2/ERX341663/ERX341663_ST2.gtf, /uru/Data/Nanopore/projects/moth/2020_analysis/sra_rna_data/expression_analysis/stringtie2/SRX1339203/SRX1339203_ST2.gtf, /uru/Data/Nanopore/projects/moth/2020_analysis/sra_rna_data/expression_analysis/stringtie2/ERX341665/ERX341665_ST2.gtf, /uru/Data/Nanopore/projects/moth/2020_analysis/sra_rna_data/expression_analysis/stringtie2/SRX1339204/SRX1339204_ST2.gtf, /uru/Data/Nanopore/projects/moth/2020_analysis/sra_rna_data/expression_analysis/stringtie2/SRX1339206/SRX1339206_ST2.gtf, /uru/Data/Nanopore/projects/moth/2020_analysis/sra_rna_data/expression_analysis/stringtie2/SRX1339207/SRX1339207_ST2.gtf, /uru/Data/Nanopore/projects/moth/2020_analysis/sra_rna_data/expression_analysis/stringtie2/SRX1339209/SRX1339209_ST2.gtf, /uru/Data/Nanopore/projects/moth/2020_analysis/sra_rna_data/expression_analysis/stringtie2/SRX1339212/SRX1339212_ST2.gtf, /uru/Data/Nanopore/projects/moth/2020_analysis/sra_rna_data/expression_analysis/stringtie2/SRX1339217/SRX1339217_ST2.gtf, /uru/Data/Nanopore/projects/moth/2020_analysis/sra_rna_data/expression_analysis/stringtie2/SRX1339222/SRX1339222_ST2.gtf, /uru/Data/Nanopore/projects/moth/2020_analysis/sra_rna_data/expression_analysis/stringtie2/SRX1339205/SRX1339205_ST2.gtf, /uru/Data/Nanopore/projects/moth/2020_analysis/sra_rna_data/expression_analysis/stringtie2/SRX1339221/SRX1339221_ST2.gtf, /uru/Data/Nanopore/projects/moth/2020_analysis/sra_rna_data/expression_analysis/stringtie2/SRX702702/SRX702702_ST2.gtf, /uru/Data/Nanopore/projects/moth/2020_analysis/sra_rna_data/expression_analysis/stringtie2/SRX1339223/SRX1339223_ST2.gtf, /uru/Data/Nanopore/projects/moth/2020_analysis/sra_rna_data/expression_analysis/stringtie2/SRX1339211/SRX1339211_ST2.gtf, /uru/Data/Nanopore/projects/moth/2020_analysis/sra_rna_data/expression_analysis/stringtie2/SRX702720/SRX702720_ST2.gtf, /uru/Data/Nanopore/projects/moth/2020_analysis/sra_rna_data/expression_analysis/stringtie2/SRX702707/SRX702707_ST2.gtf, /uru/Data/Nanopore/projects/moth/2020_analysis/sra_rna_data/expression_analysis/stringtie2/SRX1339202/SRX1339202_ST2.gtf, /uru/Data/Nanopore/projects/moth/2020_analysis/sra_rna_data/expression_analysis/stringtie2/SRX702719/SRX702719_ST2.gtf, /uru/Data/Nanopore/projects/moth/2020_analysis/sra_rna_data/expression_analysis/stringtie2/SRX702704/SRX702704_ST2.gtf, /uru/Data/Nanopore/projects/moth/2020_analysis/sra_rna_data/expression_analysis/stringtie2/SRX1339219/SRX1339219_ST2.gtf, /uru/Data/Nanopore/projects/moth/2020_analysis/sra_rna_data/expression_analysis/stringtie2/SRX702709/SRX702709_ST2.gtf, /uru/Data/Nanopore/projects/moth/2020_analysis/sra_rna_data/expression_analysis/stringtie2/ERX1090056/ERX1090056_ST2.gtf, /uru/Data/Nanopore/projects/moth/2020_analysis/sra_rna_data/expression_analysis/stringtie2/SRX702733/SRX702733_ST2.gtf, /uru/Data/Nanopore/projects/moth/2020_analysis/sra_rna_data/expression_analysis/stringtie2/SRX702730/SRX702730_ST2.gtf, /uru/Data/Nanopore/projects/moth/2020_analysis/sra_rna_data/expression_analysis/stringtie2/SRX702710/SRX702710_ST2.gtf, /uru/Data/Nanopore/projects/moth/2020_analysis/sra_rna_data/expression_analysis/stringtie2/ERX1090059/ERX1090059_ST2.gtf, /uru/Data/Nanopore/projects/moth/2020_analysis/sra_rna_data/expression_analysis/stringtie2/SRX1339218/SRX1339218_ST2.gtf, /uru/Data/Nanopore/projects/moth/2020_analysis/sra_rna_data/expression_analysis/stringtie2/ERX341662/ERX341662_ST2.gtf, /uru/Data/Nanopore/projects/moth/2020_analysis/sra_rna_data/expression_analysis/stringtie2/ERX1090055/ERX1090055_ST2.gtf, /uru/Data/Nanopore/projects/moth/2020_analysis/sra_rna_data/expression_analysis/stringtie2/SRX702721/SRX702721_ST2.gtf, /uru/Data/Nanopore/projects/moth/2020_analysis/sra_rna_data/expression_analysis/stringtie2/SRX702705/SRX702705_ST2.gtf, /uru/Data/Nanopore/projects/moth/2020_analysis/sra_rna_data/expression_analysis/stringtie2/SRX702723/SRX702723_ST2.gtf, /uru/Data/Nanopore/projects/moth/2020_analysis/sra_rna_data/expression_analysis/stringtie2/ERX341664/ERX341664_ST2.gtf, /uru/Data/Nanopore/projects/moth/2020_analysis/sra_rna_data/expression_analysis/stringtie2/SRX702729/SRX702729_ST2.gtf, /uru/Data/Nanopore/projects/moth/2020_analysis/sra_rna_data/expression_analysis/stringtie2/SRX1339216/SRX1339216_ST2.gtf, /uru/Data/Nanopore/projects/moth/2020_analysis/sra_rna_data/expression_analysis/stringtie2/SRX702728/SRX702728_ST2.gtf, /uru/Data/Nanopore/projects/moth/2020_analysis/sra_rna_data/expression_analysis/stringtie2/SRX1339208/SRX1339208_ST2.gtf, /uru/Data/Nanopore/projects/moth/2020_analysis/sra_rna_data/expression_analysis/stringtie2/SRX702717/SRX702717_ST2.gtf, /uru/Data/Nanopore/projects/moth/2020_analysis/sra_rna_data/expression_analysis/stringtie2/SRX702724/SRX702724_ST2.gtf, /uru/Data/Nanopore/projects/moth/2020_analysis/sra_rna_data/expression_analysis/stringtie2/SRX702731/SRX702731_ST2.gtf, /uru/Data/Nanopore/projects/moth/2020_analysis/sra_rna_data/expression_analysis/stringtie2/SRX1339210/SRX1339210_ST2.gtf, /uru/Data/Nanopore/projects/moth/2020_analysis/sra_rna_data/expression_analysis/stringtie2/SRX1339224/SRX1339224_ST2.gtf
    jobid: 0

[Wed Apr 15 16:04:12 2020]
Finished job 0.
68 of 68 steps (100%) done
Complete log: /home/gmoney/Code/moth/moth/expression/.snakemake/log/2020-04-15T151739.571399.snakemake.log
