Building DAG of jobs...
File path /uru/Data/Nanopore/projects/moth/2020_analysis/expression//stringtie2/ERX1090055_masked_primary/ERX1090055_masked_primary_ST2.gtf contains double '/'. This is likely unintended. It can also lead to inconsistent results of the file-matching approach used by Snakemake.
File path /uru/Data/Nanopore/projects/moth/2020_analysis/expression//stringtie2/ERX1090059_masked_primary/ERX1090059_masked_primary_ST2.gtf contains double '/'. This is likely unintended. It can also lead to inconsistent results of the file-matching approach used by Snakemake.
File path /uru/Data/Nanopore/projects/moth/2020_analysis/expression//stringtie2/ERX1090060_masked_primary/ERX1090060_masked_primary_ST2.gtf contains double '/'. This is likely unintended. It can also lead to inconsistent results of the file-matching approach used by Snakemake.
File path /uru/Data/Nanopore/projects/moth/2020_analysis/expression//stringtie2/ERX341659_masked_primary/ERX341659_masked_primary_ST2.gtf contains double '/'. This is likely unintended. It can also lead to inconsistent results of the file-matching approach used by Snakemake.
File path /uru/Data/Nanopore/projects/moth/2020_analysis/expression//stringtie2/ERX341660_masked_primary/ERX341660_masked_primary_ST2.gtf contains double '/'. This is likely unintended. It can also lead to inconsistent results of the file-matching approach used by Snakemake.
File path /uru/Data/Nanopore/projects/moth/2020_analysis/expression//stringtie2/ERX341661_masked_primary/ERX341661_masked_primary_ST2.gtf contains double '/'. This is likely unintended. It can also lead to inconsistent results of the file-matching approach used by Snakemake.
File path /uru/Data/Nanopore/projects/moth/2020_analysis/expression//stringtie2/ERX341664_masked_primary/ERX341664_masked_primary_ST2.gtf contains double '/'. This is likely unintended. It can also lead to inconsistent results of the file-matching approach used by Snakemake.
File path /uru/Data/Nanopore/projects/moth/2020_analysis/expression//stringtie2/ERX341665_masked_primary/ERX341665_masked_primary_ST2.gtf contains double '/'. This is likely unintended. It can also lead to inconsistent results of the file-matching approach used by Snakemake.
File path /uru/Data/Nanopore/projects/moth/2020_analysis/expression//stringtie2/SRX1339203_masked_primary/SRX1339203_masked_primary_ST2.gtf contains double '/'. This is likely unintended. It can also lead to inconsistent results of the file-matching approach used by Snakemake.
File path /uru/Data/Nanopore/projects/moth/2020_analysis/expression//stringtie2/SRX1339205_masked_primary/SRX1339205_masked_primary_ST2.gtf contains double '/'. This is likely unintended. It can also lead to inconsistent results of the file-matching approach used by Snakemake.
File path /uru/Data/Nanopore/projects/moth/2020_analysis/expression//stringtie2/SRX1339207_masked_primary/SRX1339207_masked_primary_ST2.gtf contains double '/'. This is likely unintended. It can also lead to inconsistent results of the file-matching approach used by Snakemake.
File path /uru/Data/Nanopore/projects/moth/2020_analysis/expression//stringtie2/SRX1339210_masked_primary/SRX1339210_masked_primary_ST2.gtf contains double '/'. This is likely unintended. It can also lead to inconsistent results of the file-matching approach used by Snakemake.
File path /uru/Data/Nanopore/projects/moth/2020_analysis/expression//stringtie2/SRX1339212_masked_primary/SRX1339212_masked_primary_ST2.gtf contains double '/'. This is likely unintended. It can also lead to inconsistent results of the file-matching approach used by Snakemake.
File path /uru/Data/Nanopore/projects/moth/2020_analysis/expression//stringtie2/SRX1339216_masked_primary/SRX1339216_masked_primary_ST2.gtf contains double '/'. This is likely unintended. It can also lead to inconsistent results of the file-matching approach used by Snakemake.
File path /uru/Data/Nanopore/projects/moth/2020_analysis/expression//stringtie2/SRX1339217_masked_primary/SRX1339217_masked_primary_ST2.gtf contains double '/'. This is likely unintended. It can also lead to inconsistent results of the file-matching approach used by Snakemake.
File path /uru/Data/Nanopore/projects/moth/2020_analysis/expression//stringtie2/SRX1339222_masked_primary/SRX1339222_masked_primary_ST2.gtf contains double '/'. This is likely unintended. It can also lead to inconsistent results of the file-matching approach used by Snakemake.
File path /uru/Data/Nanopore/projects/moth/2020_analysis/expression//stringtie2/SRX702703_masked_primary/SRX702703_masked_primary_ST2.gtf contains double '/'. This is likely unintended. It can also lead to inconsistent results of the file-matching approach used by Snakemake.
File path /uru/Data/Nanopore/projects/moth/2020_analysis/expression//stringtie2/SRX702705_masked_primary/SRX702705_masked_primary_ST2.gtf contains double '/'. This is likely unintended. It can also lead to inconsistent results of the file-matching approach used by Snakemake.
File path /uru/Data/Nanopore/projects/moth/2020_analysis/expression//stringtie2/SRX702707_masked_primary/SRX702707_masked_primary_ST2.gtf contains double '/'. This is likely unintended. It can also lead to inconsistent results of the file-matching approach used by Snakemake.
File path /uru/Data/Nanopore/projects/moth/2020_analysis/expression//stringtie2/SRX702708_masked_primary/SRX702708_masked_primary_ST2.gtf contains double '/'. This is likely unintended. It can also lead to inconsistent results of the file-matching approach used by Snakemake.
File path /uru/Data/Nanopore/projects/moth/2020_analysis/expression//stringtie2/SRX702710_masked_primary/SRX702710_masked_primary_ST2.gtf contains double '/'. This is likely unintended. It can also lead to inconsistent results of the file-matching approach used by Snakemake.
File path /uru/Data/Nanopore/projects/moth/2020_analysis/expression//stringtie2/SRX702713_masked_primary/SRX702713_masked_primary_ST2.gtf contains double '/'. This is likely unintended. It can also lead to inconsistent results of the file-matching approach used by Snakemake.
File path /uru/Data/Nanopore/projects/moth/2020_analysis/expression//stringtie2/SRX702714_masked_primary/SRX702714_masked_primary_ST2.gtf contains double '/'. This is likely unintended. It can also lead to inconsistent results of the file-matching approach used by Snakemake.
File path /uru/Data/Nanopore/projects/moth/2020_analysis/expression//stringtie2/SRX702715_masked_primary/SRX702715_masked_primary_ST2.gtf contains double '/'. This is likely unintended. It can also lead to inconsistent results of the file-matching approach used by Snakemake.
File path /uru/Data/Nanopore/projects/moth/2020_analysis/expression//stringtie2/SRX702718_masked_primary/SRX702718_masked_primary_ST2.gtf contains double '/'. This is likely unintended. It can also lead to inconsistent results of the file-matching approach used by Snakemake.
File path /uru/Data/Nanopore/projects/moth/2020_analysis/expression//stringtie2/SRX702721_masked_primary/SRX702721_masked_primary_ST2.gtf contains double '/'. This is likely unintended. It can also lead to inconsistent results of the file-matching approach used by Snakemake.
File path /uru/Data/Nanopore/projects/moth/2020_analysis/expression//stringtie2/SRX702722_masked_primary/SRX702722_masked_primary_ST2.gtf contains double '/'. This is likely unintended. It can also lead to inconsistent results of the file-matching approach used by Snakemake.
File path /uru/Data/Nanopore/projects/moth/2020_analysis/expression//stringtie2/SRX702723_masked_primary/SRX702723_masked_primary_ST2.gtf contains double '/'. This is likely unintended. It can also lead to inconsistent results of the file-matching approach used by Snakemake.
File path /uru/Data/Nanopore/projects/moth/2020_analysis/expression//stringtie2/SRX702724_masked_primary/SRX702724_masked_primary_ST2.gtf contains double '/'. This is likely unintended. It can also lead to inconsistent results of the file-matching approach used by Snakemake.
File path /uru/Data/Nanopore/projects/moth/2020_analysis/expression//stringtie2/SRX702726_masked_primary/SRX702726_masked_primary_ST2.gtf contains double '/'. This is likely unintended. It can also lead to inconsistent results of the file-matching approach used by Snakemake.
File path /uru/Data/Nanopore/projects/moth/2020_analysis/expression//stringtie2/SRX702727_masked_primary/SRX702727_masked_primary_ST2.gtf contains double '/'. This is likely unintended. It can also lead to inconsistent results of the file-matching approach used by Snakemake.
File path /uru/Data/Nanopore/projects/moth/2020_analysis/expression//stringtie2/SRX702728_masked_primary/SRX702728_masked_primary_ST2.gtf contains double '/'. This is likely unintended. It can also lead to inconsistent results of the file-matching approach used by Snakemake.
File path /uru/Data/Nanopore/projects/moth/2020_analysis/expression//stringtie2/SRX702730_masked_primary/SRX702730_masked_primary_ST2.gtf contains double '/'. This is likely unintended. It can also lead to inconsistent results of the file-matching approach used by Snakemake.
File path /uru/Data/Nanopore/projects/moth/2020_analysis/expression//stringtie2/SRX702733_masked_primary/SRX702733_masked_primary_ST2.gtf contains double '/'. This is likely unintended. It can also lead to inconsistent results of the file-matching approach used by Snakemake.
File path /uru/Data/Nanopore/projects/moth/2020_analysis/expression//stringtie2/ERX341658_masked_primary/ERX341658_masked_primary_ST2.gtf contains double '/'. This is likely unintended. It can also lead to inconsistent results of the file-matching approach used by Snakemake.
File path /uru/Data/Nanopore/projects/moth/2020_analysis/expression//stringtie2/ERX1090056_masked_primary/ERX1090056_masked_primary_ST2.gtf contains double '/'. This is likely unintended. It can also lead to inconsistent results of the file-matching approach used by Snakemake.
File path /uru/Data/Nanopore/projects/moth/2020_analysis/expression//stringtie2/ERX1090057_masked_primary/ERX1090057_masked_primary_ST2.gtf contains double '/'. This is likely unintended. It can also lead to inconsistent results of the file-matching approach used by Snakemake.
File path /uru/Data/Nanopore/projects/moth/2020_analysis/expression//stringtie2/ERX1090058_masked_primary/ERX1090058_masked_primary_ST2.gtf contains double '/'. This is likely unintended. It can also lead to inconsistent results of the file-matching approach used by Snakemake.
File path /uru/Data/Nanopore/projects/moth/2020_analysis/expression//stringtie2/ERX1090061_masked_primary/ERX1090061_masked_primary_ST2.gtf contains double '/'. This is likely unintended. It can also lead to inconsistent results of the file-matching approach used by Snakemake.
File path /uru/Data/Nanopore/projects/moth/2020_analysis/expression//stringtie2/ERX341662_masked_primary/ERX341662_masked_primary_ST2.gtf contains double '/'. This is likely unintended. It can also lead to inconsistent results of the file-matching approach used by Snakemake.
File path /uru/Data/Nanopore/projects/moth/2020_analysis/expression//stringtie2/ERX341663_masked_primary/ERX341663_masked_primary_ST2.gtf contains double '/'. This is likely unintended. It can also lead to inconsistent results of the file-matching approach used by Snakemake.
File path /uru/Data/Nanopore/projects/moth/2020_analysis/expression//stringtie2/SRX1339202_masked_primary/SRX1339202_masked_primary_ST2.gtf contains double '/'. This is likely unintended. It can also lead to inconsistent results of the file-matching approach used by Snakemake.
File path /uru/Data/Nanopore/projects/moth/2020_analysis/expression//stringtie2/SRX702701_masked_primary/SRX702701_masked_primary_ST2.gtf contains double '/'. This is likely unintended. It can also lead to inconsistent results of the file-matching approach used by Snakemake.
File path /uru/Data/Nanopore/projects/moth/2020_analysis/expression//stringtie2/SRX1339204_masked_primary/SRX1339204_masked_primary_ST2.gtf contains double '/'. This is likely unintended. It can also lead to inconsistent results of the file-matching approach used by Snakemake.
File path /uru/Data/Nanopore/projects/moth/2020_analysis/expression//stringtie2/SRX1339206_masked_primary/SRX1339206_masked_primary_ST2.gtf contains double '/'. This is likely unintended. It can also lead to inconsistent results of the file-matching approach used by Snakemake.
File path /uru/Data/Nanopore/projects/moth/2020_analysis/expression//stringtie2/SRX702702_masked_primary/SRX702702_masked_primary_ST2.gtf contains double '/'. This is likely unintended. It can also lead to inconsistent results of the file-matching approach used by Snakemake.
File path /uru/Data/Nanopore/projects/moth/2020_analysis/expression//stringtie2/SRX1339208_masked_primary/SRX1339208_masked_primary_ST2.gtf contains double '/'. This is likely unintended. It can also lead to inconsistent results of the file-matching approach used by Snakemake.
File path /uru/Data/Nanopore/projects/moth/2020_analysis/expression//stringtie2/SRX1339209_masked_primary/SRX1339209_masked_primary_ST2.gtf contains double '/'. This is likely unintended. It can also lead to inconsistent results of the file-matching approach used by Snakemake.
File path /uru/Data/Nanopore/projects/moth/2020_analysis/expression//stringtie2/SRX702704_masked_primary/SRX702704_masked_primary_ST2.gtf contains double '/'. This is likely unintended. It can also lead to inconsistent results of the file-matching approach used by Snakemake.
File path /uru/Data/Nanopore/projects/moth/2020_analysis/expression//stringtie2/SRX1339211_masked_primary/SRX1339211_masked_primary_ST2.gtf contains double '/'. This is likely unintended. It can also lead to inconsistent results of the file-matching approach used by Snakemake.
File path /uru/Data/Nanopore/projects/moth/2020_analysis/expression//stringtie2/SRX1339218_masked_primary/SRX1339218_masked_primary_ST2.gtf contains double '/'. This is likely unintended. It can also lead to inconsistent results of the file-matching approach used by Snakemake.
File path /uru/Data/Nanopore/projects/moth/2020_analysis/expression//stringtie2/SRX702706_masked_primary/SRX702706_masked_primary_ST2.gtf contains double '/'. This is likely unintended. It can also lead to inconsistent results of the file-matching approach used by Snakemake.
File path /uru/Data/Nanopore/projects/moth/2020_analysis/expression//stringtie2/SRX702709_masked_primary/SRX702709_masked_primary_ST2.gtf contains double '/'. This is likely unintended. It can also lead to inconsistent results of the file-matching approach used by Snakemake.
File path /uru/Data/Nanopore/projects/moth/2020_analysis/expression//stringtie2/SRX1339219_masked_primary/SRX1339219_masked_primary_ST2.gtf contains double '/'. This is likely unintended. It can also lead to inconsistent results of the file-matching approach used by Snakemake.
File path /uru/Data/Nanopore/projects/moth/2020_analysis/expression//stringtie2/SRX1339221_masked_primary/SRX1339221_masked_primary_ST2.gtf contains double '/'. This is likely unintended. It can also lead to inconsistent results of the file-matching approach used by Snakemake.
File path /uru/Data/Nanopore/projects/moth/2020_analysis/expression//stringtie2/SRX1339223_masked_primary/SRX1339223_masked_primary_ST2.gtf contains double '/'. This is likely unintended. It can also lead to inconsistent results of the file-matching approach used by Snakemake.
File path /uru/Data/Nanopore/projects/moth/2020_analysis/expression//stringtie2/SRX702711_masked_primary/SRX702711_masked_primary_ST2.gtf contains double '/'. This is likely unintended. It can also lead to inconsistent results of the file-matching approach used by Snakemake.
File path /uru/Data/Nanopore/projects/moth/2020_analysis/expression//stringtie2/SRX1339224_masked_primary/SRX1339224_masked_primary_ST2.gtf contains double '/'. This is likely unintended. It can also lead to inconsistent results of the file-matching approach used by Snakemake.
File path /uru/Data/Nanopore/projects/moth/2020_analysis/expression//stringtie2/SRX702712_masked_primary/SRX702712_masked_primary_ST2.gtf contains double '/'. This is likely unintended. It can also lead to inconsistent results of the file-matching approach used by Snakemake.
File path /uru/Data/Nanopore/projects/moth/2020_analysis/expression//stringtie2/SRX702716_masked_primary/SRX702716_masked_primary_ST2.gtf contains double '/'. This is likely unintended. It can also lead to inconsistent results of the file-matching approach used by Snakemake.
File path /uru/Data/Nanopore/projects/moth/2020_analysis/expression//stringtie2/SRX702717_masked_primary/SRX702717_masked_primary_ST2.gtf contains double '/'. This is likely unintended. It can also lead to inconsistent results of the file-matching approach used by Snakemake.
File path /uru/Data/Nanopore/projects/moth/2020_analysis/expression//stringtie2/SRX702719_masked_primary/SRX702719_masked_primary_ST2.gtf contains double '/'. This is likely unintended. It can also lead to inconsistent results of the file-matching approach used by Snakemake.
File path /uru/Data/Nanopore/projects/moth/2020_analysis/expression//stringtie2/SRX702720_masked_primary/SRX702720_masked_primary_ST2.gtf contains double '/'. This is likely unintended. It can also lead to inconsistent results of the file-matching approach used by Snakemake.
File path /uru/Data/Nanopore/projects/moth/2020_analysis/expression//stringtie2/SRX702725_masked_primary/SRX702725_masked_primary_ST2.gtf contains double '/'. This is likely unintended. It can also lead to inconsistent results of the file-matching approach used by Snakemake.
File path /uru/Data/Nanopore/projects/moth/2020_analysis/expression//stringtie2/SRX702729_masked_primary/SRX702729_masked_primary_ST2.gtf contains double '/'. This is likely unintended. It can also lead to inconsistent results of the file-matching approach used by Snakemake.
File path /uru/Data/Nanopore/projects/moth/2020_analysis/expression//stringtie2/SRX702731_masked_primary/SRX702731_masked_primary_ST2.gtf contains double '/'. This is likely unintended. It can also lead to inconsistent results of the file-matching approach used by Snakemake.
File path /uru/Data/Nanopore/projects/moth/2020_analysis/expression//stringtie2/SRX702732_masked_primary/SRX702732_masked_primary_ST2.gtf contains double '/'. This is likely unintended. It can also lead to inconsistent results of the file-matching approach used by Snakemake.
File path /uru/Data/Nanopore/projects/moth/2020_analysis/expression//stringtie2/SRX702710_masked_primary/SRX702710_masked_primary_ST2.gtf contains double '/'. This is likely unintended. It can also lead to inconsistent results of the file-matching approach used by Snakemake.
File path /uru/Data/Nanopore/projects/moth/2020_analysis/expression//stringtie2/SRX702724_masked_primary/SRX702724_masked_primary_ST2.gtf contains double '/'. This is likely unintended. It can also lead to inconsistent results of the file-matching approach used by Snakemake.
File path /uru/Data/Nanopore/projects/moth/2020_analysis/expression//stringtie2/SRX702727_masked_primary/SRX702727_masked_primary_ST2.gtf contains double '/'. This is likely unintended. It can also lead to inconsistent results of the file-matching approach used by Snakemake.
File path /uru/Data/Nanopore/projects/moth/2020_analysis/expression//stringtie2/SRX702705_masked_primary/SRX702705_masked_primary_ST2.gtf contains double '/'. This is likely unintended. It can also lead to inconsistent results of the file-matching approach used by Snakemake.
File path /uru/Data/Nanopore/projects/moth/2020_analysis/expression//stringtie2/SRX702726_masked_primary/SRX702726_masked_primary_ST2.gtf contains double '/'. This is likely unintended. It can also lead to inconsistent results of the file-matching approach used by Snakemake.
File path /uru/Data/Nanopore/projects/moth/2020_analysis/expression//stringtie2/SRX1339221_masked_primary/SRX1339221_masked_primary_ST2.gtf contains double '/'. This is likely unintended. It can also lead to inconsistent results of the file-matching approach used by Snakemake.
File path /uru/Data/Nanopore/projects/moth/2020_analysis/expression//stringtie2/ERX1090060_masked_primary/ERX1090060_masked_primary_ST2.gtf contains double '/'. This is likely unintended. It can also lead to inconsistent results of the file-matching approach used by Snakemake.
File path /uru/Data/Nanopore/projects/moth/2020_analysis/expression//stringtie2/SRX702708_masked_primary/SRX702708_masked_primary_ST2.gtf contains double '/'. This is likely unintended. It can also lead to inconsistent results of the file-matching approach used by Snakemake.
File path /uru/Data/Nanopore/projects/moth/2020_analysis/expression//stringtie2/SRX1339222_masked_primary/SRX1339222_masked_primary_ST2.gtf contains double '/'. This is likely unintended. It can also lead to inconsistent results of the file-matching approach used by Snakemake.
File path /uru/Data/Nanopore/projects/moth/2020_analysis/expression//stringtie2/SRX702713_masked_primary/SRX702713_masked_primary_ST2.gtf contains double '/'. This is likely unintended. It can also lead to inconsistent results of the file-matching approach used by Snakemake.
File path /uru/Data/Nanopore/projects/moth/2020_analysis/expression//stringtie2/ERX1090059_masked_primary/ERX1090059_masked_primary_ST2.gtf contains double '/'. This is likely unintended. It can also lead to inconsistent results of the file-matching approach used by Snakemake.
File path /uru/Data/Nanopore/projects/moth/2020_analysis/expression//stringtie2/SRX702718_masked_primary/SRX702718_masked_primary_ST2.gtf contains double '/'. This is likely unintended. It can also lead to inconsistent results of the file-matching approach used by Snakemake.
File path /uru/Data/Nanopore/projects/moth/2020_analysis/expression//stringtie2/SRX702709_masked_primary/SRX702709_masked_primary_ST2.gtf contains double '/'. This is likely unintended. It can also lead to inconsistent results of the file-matching approach used by Snakemake.
File path /uru/Data/Nanopore/projects/moth/2020_analysis/expression//stringtie2/ERX341662_masked_primary/ERX341662_masked_primary_ST2.gtf contains double '/'. This is likely unintended. It can also lead to inconsistent results of the file-matching approach used by Snakemake.
File path /uru/Data/Nanopore/projects/moth/2020_analysis/expression//stringtie2/SRX1339219_masked_primary/SRX1339219_masked_primary_ST2.gtf contains double '/'. This is likely unintended. It can also lead to inconsistent results of the file-matching approach used by Snakemake.
File path /uru/Data/Nanopore/projects/moth/2020_analysis/expression//stringtie2/SRX702711_masked_primary/SRX702711_masked_primary_ST2.gtf contains double '/'. This is likely unintended. It can also lead to inconsistent results of the file-matching approach used by Snakemake.
File path /uru/Data/Nanopore/projects/moth/2020_analysis/expression//stringtie2/SRX1339217_masked_primary/SRX1339217_masked_primary_ST2.gtf contains double '/'. This is likely unintended. It can also lead to inconsistent results of the file-matching approach used by Snakemake.
File path /uru/Data/Nanopore/projects/moth/2020_analysis/expression//stringtie2/SRX702707_masked_primary/SRX702707_masked_primary_ST2.gtf contains double '/'. This is likely unintended. It can also lead to inconsistent results of the file-matching approach used by Snakemake.
File path /uru/Data/Nanopore/projects/moth/2020_analysis/expression//stringtie2/SRX1339207_masked_primary/SRX1339207_masked_primary_ST2.gtf contains double '/'. This is likely unintended. It can also lead to inconsistent results of the file-matching approach used by Snakemake.
File path /uru/Data/Nanopore/projects/moth/2020_analysis/expression//stringtie2/ERX341663_masked_primary/ERX341663_masked_primary_ST2.gtf contains double '/'. This is likely unintended. It can also lead to inconsistent results of the file-matching approach used by Snakemake.
File path /uru/Data/Nanopore/projects/moth/2020_analysis/expression//stringtie2/SRX702716_masked_primary/SRX702716_masked_primary_ST2.gtf contains double '/'. This is likely unintended. It can also lead to inconsistent results of the file-matching approach used by Snakemake.
File path /uru/Data/Nanopore/projects/moth/2020_analysis/expression//stringtie2/SRX702717_masked_primary/SRX702717_masked_primary_ST2.gtf contains double '/'. This is likely unintended. It can also lead to inconsistent results of the file-matching approach used by Snakemake.
File path /uru/Data/Nanopore/projects/moth/2020_analysis/expression//stringtie2/SRX702721_masked_primary/SRX702721_masked_primary_ST2.gtf contains double '/'. This is likely unintended. It can also lead to inconsistent results of the file-matching approach used by Snakemake.
File path /uru/Data/Nanopore/projects/moth/2020_analysis/expression//stringtie2/SRX702719_masked_primary/SRX702719_masked_primary_ST2.gtf contains double '/'. This is likely unintended. It can also lead to inconsistent results of the file-matching approach used by Snakemake.
File path /uru/Data/Nanopore/projects/moth/2020_analysis/expression//stringtie2/SRX1339206_masked_primary/SRX1339206_masked_primary_ST2.gtf contains double '/'. This is likely unintended. It can also lead to inconsistent results of the file-matching approach used by Snakemake.
File path /uru/Data/Nanopore/projects/moth/2020_analysis/expression//stringtie2/SRX702732_masked_primary/SRX702732_masked_primary_ST2.gtf contains double '/'. This is likely unintended. It can also lead to inconsistent results of the file-matching approach used by Snakemake.
File path /uru/Data/Nanopore/projects/moth/2020_analysis/expression//stringtie2/ERX341661_masked_primary/ERX341661_masked_primary_ST2.gtf contains double '/'. This is likely unintended. It can also lead to inconsistent results of the file-matching approach used by Snakemake.
File path /uru/Data/Nanopore/projects/moth/2020_analysis/expression//stringtie2/SRX702728_masked_primary/SRX702728_masked_primary_ST2.gtf contains double '/'. This is likely unintended. It can also lead to inconsistent results of the file-matching approach used by Snakemake.
File path /uru/Data/Nanopore/projects/moth/2020_analysis/expression//stringtie2/SRX702729_masked_primary/SRX702729_masked_primary_ST2.gtf contains double '/'. This is likely unintended. It can also lead to inconsistent results of the file-matching approach used by Snakemake.
File path /uru/Data/Nanopore/projects/moth/2020_analysis/expression//stringtie2/SRX702706_masked_primary/SRX702706_masked_primary_ST2.gtf contains double '/'. This is likely unintended. It can also lead to inconsistent results of the file-matching approach used by Snakemake.
File path /uru/Data/Nanopore/projects/moth/2020_analysis/expression//stringtie2/ERX341664_masked_primary/ERX341664_masked_primary_ST2.gtf contains double '/'. This is likely unintended. It can also lead to inconsistent results of the file-matching approach used by Snakemake.
File path /uru/Data/Nanopore/projects/moth/2020_analysis/expression//stringtie2/ERX1090056_masked_primary/ERX1090056_masked_primary_ST2.gtf contains double '/'. This is likely unintended. It can also lead to inconsistent results of the file-matching approach used by Snakemake.
File path /uru/Data/Nanopore/projects/moth/2020_analysis/expression//stringtie2/SRX1339224_masked_primary/SRX1339224_masked_primary_ST2.gtf contains double '/'. This is likely unintended. It can also lead to inconsistent results of the file-matching approach used by Snakemake.
File path /uru/Data/Nanopore/projects/moth/2020_analysis/expression//stringtie2/SRX702730_masked_primary/SRX702730_masked_primary_ST2.gtf contains double '/'. This is likely unintended. It can also lead to inconsistent results of the file-matching approach used by Snakemake.
File path /uru/Data/Nanopore/projects/moth/2020_analysis/expression//stringtie2/SRX702701_masked_primary/SRX702701_masked_primary_ST2.gtf contains double '/'. This is likely unintended. It can also lead to inconsistent results of the file-matching approach used by Snakemake.
File path /uru/Data/Nanopore/projects/moth/2020_analysis/expression//stringtie2/ERX1090057_masked_primary/ERX1090057_masked_primary_ST2.gtf contains double '/'. This is likely unintended. It can also lead to inconsistent results of the file-matching approach used by Snakemake.
File path /uru/Data/Nanopore/projects/moth/2020_analysis/expression//stringtie2/SRX1339210_masked_primary/SRX1339210_masked_primary_ST2.gtf contains double '/'. This is likely unintended. It can also lead to inconsistent results of the file-matching approach used by Snakemake.
File path /uru/Data/Nanopore/projects/moth/2020_analysis/expression//stringtie2/SRX702725_masked_primary/SRX702725_masked_primary_ST2.gtf contains double '/'. This is likely unintended. It can also lead to inconsistent results of the file-matching approach used by Snakemake.
File path /uru/Data/Nanopore/projects/moth/2020_analysis/expression//stringtie2/ERX1090061_masked_primary/ERX1090061_masked_primary_ST2.gtf contains double '/'. This is likely unintended. It can also lead to inconsistent results of the file-matching approach used by Snakemake.
File path /uru/Data/Nanopore/projects/moth/2020_analysis/expression//stringtie2/SRX702704_masked_primary/SRX702704_masked_primary_ST2.gtf contains double '/'. This is likely unintended. It can also lead to inconsistent results of the file-matching approach used by Snakemake.
File path /uru/Data/Nanopore/projects/moth/2020_analysis/expression//stringtie2/SRX1339203_masked_primary/SRX1339203_masked_primary_ST2.gtf contains double '/'. This is likely unintended. It can also lead to inconsistent results of the file-matching approach used by Snakemake.
File path /uru/Data/Nanopore/projects/moth/2020_analysis/expression//stringtie2/SRX702703_masked_primary/SRX702703_masked_primary_ST2.gtf contains double '/'. This is likely unintended. It can also lead to inconsistent results of the file-matching approach used by Snakemake.
File path /uru/Data/Nanopore/projects/moth/2020_analysis/expression//stringtie2/SRX702723_masked_primary/SRX702723_masked_primary_ST2.gtf contains double '/'. This is likely unintended. It can also lead to inconsistent results of the file-matching approach used by Snakemake.
File path /uru/Data/Nanopore/projects/moth/2020_analysis/expression//stringtie2/SRX1339212_masked_primary/SRX1339212_masked_primary_ST2.gtf contains double '/'. This is likely unintended. It can also lead to inconsistent results of the file-matching approach used by Snakemake.
File path /uru/Data/Nanopore/projects/moth/2020_analysis/expression//stringtie2/ERX341660_masked_primary/ERX341660_masked_primary_ST2.gtf contains double '/'. This is likely unintended. It can also lead to inconsistent results of the file-matching approach used by Snakemake.
File path /uru/Data/Nanopore/projects/moth/2020_analysis/expression//stringtie2/SRX1339202_masked_primary/SRX1339202_masked_primary_ST2.gtf contains double '/'. This is likely unintended. It can also lead to inconsistent results of the file-matching approach used by Snakemake.
File path /uru/Data/Nanopore/projects/moth/2020_analysis/expression//stringtie2/SRX702720_masked_primary/SRX702720_masked_primary_ST2.gtf contains double '/'. This is likely unintended. It can also lead to inconsistent results of the file-matching approach used by Snakemake.
File path /uru/Data/Nanopore/projects/moth/2020_analysis/expression//stringtie2/SRX702731_masked_primary/SRX702731_masked_primary_ST2.gtf contains double '/'. This is likely unintended. It can also lead to inconsistent results of the file-matching approach used by Snakemake.
File path /uru/Data/Nanopore/projects/moth/2020_analysis/expression//stringtie2/SRX702712_masked_primary/SRX702712_masked_primary_ST2.gtf contains double '/'. This is likely unintended. It can also lead to inconsistent results of the file-matching approach used by Snakemake.
File path /uru/Data/Nanopore/projects/moth/2020_analysis/expression//stringtie2/SRX702715_masked_primary/SRX702715_masked_primary_ST2.gtf contains double '/'. This is likely unintended. It can also lead to inconsistent results of the file-matching approach used by Snakemake.
File path /uru/Data/Nanopore/projects/moth/2020_analysis/expression//stringtie2/SRX702722_masked_primary/SRX702722_masked_primary_ST2.gtf contains double '/'. This is likely unintended. It can also lead to inconsistent results of the file-matching approach used by Snakemake.
File path /uru/Data/Nanopore/projects/moth/2020_analysis/expression//stringtie2/SRX1339205_masked_primary/SRX1339205_masked_primary_ST2.gtf contains double '/'. This is likely unintended. It can also lead to inconsistent results of the file-matching approach used by Snakemake.
File path /uru/Data/Nanopore/projects/moth/2020_analysis/expression//stringtie2/SRX1339218_masked_primary/SRX1339218_masked_primary_ST2.gtf contains double '/'. This is likely unintended. It can also lead to inconsistent results of the file-matching approach used by Snakemake.
File path /uru/Data/Nanopore/projects/moth/2020_analysis/expression//stringtie2/SRX1339223_masked_primary/SRX1339223_masked_primary_ST2.gtf contains double '/'. This is likely unintended. It can also lead to inconsistent results of the file-matching approach used by Snakemake.
File path /uru/Data/Nanopore/projects/moth/2020_analysis/expression//stringtie2/SRX1339211_masked_primary/SRX1339211_masked_primary_ST2.gtf contains double '/'. This is likely unintended. It can also lead to inconsistent results of the file-matching approach used by Snakemake.
File path /uru/Data/Nanopore/projects/moth/2020_analysis/expression//stringtie2/SRX702714_masked_primary/SRX702714_masked_primary_ST2.gtf contains double '/'. This is likely unintended. It can also lead to inconsistent results of the file-matching approach used by Snakemake.
File path /uru/Data/Nanopore/projects/moth/2020_analysis/expression//stringtie2/ERX341658_masked_primary/ERX341658_masked_primary_ST2.gtf contains double '/'. This is likely unintended. It can also lead to inconsistent results of the file-matching approach used by Snakemake.
File path /uru/Data/Nanopore/projects/moth/2020_analysis/expression//stringtie2/SRX1339216_masked_primary/SRX1339216_masked_primary_ST2.gtf contains double '/'. This is likely unintended. It can also lead to inconsistent results of the file-matching approach used by Snakemake.
File path /uru/Data/Nanopore/projects/moth/2020_analysis/expression//stringtie2/SRX702702_masked_primary/SRX702702_masked_primary_ST2.gtf contains double '/'. This is likely unintended. It can also lead to inconsistent results of the file-matching approach used by Snakemake.
File path /uru/Data/Nanopore/projects/moth/2020_analysis/expression//stringtie2/ERX1090058_masked_primary/ERX1090058_masked_primary_ST2.gtf contains double '/'. This is likely unintended. It can also lead to inconsistent results of the file-matching approach used by Snakemake.
File path /uru/Data/Nanopore/projects/moth/2020_analysis/expression//stringtie2/SRX1339208_masked_primary/SRX1339208_masked_primary_ST2.gtf contains double '/'. This is likely unintended. It can also lead to inconsistent results of the file-matching approach used by Snakemake.
File path /uru/Data/Nanopore/projects/moth/2020_analysis/expression//stringtie2/ERX341659_masked_primary/ERX341659_masked_primary_ST2.gtf contains double '/'. This is likely unintended. It can also lead to inconsistent results of the file-matching approach used by Snakemake.
File path /uru/Data/Nanopore/projects/moth/2020_analysis/expression//stringtie2/SRX702733_masked_primary/SRX702733_masked_primary_ST2.gtf contains double '/'. This is likely unintended. It can also lead to inconsistent results of the file-matching approach used by Snakemake.
File path /uru/Data/Nanopore/projects/moth/2020_analysis/expression//stringtie2/SRX1339209_masked_primary/SRX1339209_masked_primary_ST2.gtf contains double '/'. This is likely unintended. It can also lead to inconsistent results of the file-matching approach used by Snakemake.
File path /uru/Data/Nanopore/projects/moth/2020_analysis/expression//stringtie2/SRX1339204_masked_primary/SRX1339204_masked_primary_ST2.gtf contains double '/'. This is likely unintended. It can also lead to inconsistent results of the file-matching approach used by Snakemake.
File path /uru/Data/Nanopore/projects/moth/2020_analysis/expression//stringtie2/ERX1090055_masked_primary/ERX1090055_masked_primary_ST2.gtf contains double '/'. This is likely unintended. It can also lead to inconsistent results of the file-matching approach used by Snakemake.
File path /uru/Data/Nanopore/projects/moth/2020_analysis/expression//stringtie2/ERX341665_masked_primary/ERX341665_masked_primary_ST2.gtf contains double '/'. This is likely unintended. It can also lead to inconsistent results of the file-matching approach used by Snakemake.
Using shell: /bin/bash
Provided cores: 1
Rules claiming more threads will be scaled down.
Job counts:
	count	jobs
	1	all
	67	stringtie_short_1st
	68

[Thu Jul 23 17:30:38 2020]
Job 38: First stringtie run...

[Thu Jul 23 17:32:51 2020]
Finished job 38.
1 of 68 steps (1%) done

[Thu Jul 23 17:32:51 2020]
Job 23: First stringtie run...

[Thu Jul 23 17:34:20 2020]
Finished job 23.
2 of 68 steps (3%) done

[Thu Jul 23 17:34:21 2020]
Job 24: First stringtie run...

[Thu Jul 23 17:36:02 2020]
Finished job 24.
3 of 68 steps (4%) done

[Thu Jul 23 17:36:02 2020]
Job 51: First stringtie run...

[Thu Jul 23 17:37:36 2020]
Finished job 51.
4 of 68 steps (6%) done

[Thu Jul 23 17:37:36 2020]
Job 5: First stringtie run...

[Thu Jul 23 17:39:14 2020]
Finished job 5.
5 of 68 steps (7%) done

[Thu Jul 23 17:39:14 2020]
Job 2: First stringtie run...

[Thu Jul 23 17:40:30 2020]
Finished job 2.
6 of 68 steps (9%) done

[Thu Jul 23 17:40:30 2020]
Job 43: First stringtie run...

[Thu Jul 23 17:41:44 2020]
Finished job 43.
7 of 68 steps (10%) done

[Thu Jul 23 17:41:44 2020]
Job 47: First stringtie run...

[Thu Jul 23 17:42:56 2020]
Finished job 47.
8 of 68 steps (12%) done

[Thu Jul 23 17:42:56 2020]
Job 50: First stringtie run...

[Thu Jul 23 17:44:19 2020]
Finished job 50.
9 of 68 steps (13%) done

[Thu Jul 23 17:44:19 2020]
Job 22: First stringtie run...

[Thu Jul 23 17:45:33 2020]
Finished job 22.
10 of 68 steps (15%) done

[Thu Jul 23 17:45:34 2020]
Job 49: First stringtie run...

[Thu Jul 23 17:46:39 2020]
Finished job 49.
11 of 68 steps (16%) done

[Thu Jul 23 17:46:39 2020]
Job 3: First stringtie run...

[Thu Jul 23 17:48:05 2020]
Finished job 3.
12 of 68 steps (18%) done

[Thu Jul 23 17:48:05 2020]
Job 13: First stringtie run...

[Thu Jul 23 17:49:30 2020]
Finished job 13.
13 of 68 steps (19%) done

[Thu Jul 23 17:49:30 2020]
Job 1: First stringtie run...

[Thu Jul 23 17:50:31 2020]
Finished job 1.
14 of 68 steps (21%) done

[Thu Jul 23 17:50:31 2020]
Job 63: First stringtie run...

[Thu Jul 23 17:51:35 2020]
Finished job 63.
15 of 68 steps (22%) done

[Thu Jul 23 17:51:35 2020]
Job 16: First stringtie run...

[Thu Jul 23 17:52:35 2020]
Finished job 16.
16 of 68 steps (24%) done

[Thu Jul 23 17:52:35 2020]
Job 30: First stringtie run...

[Thu Jul 23 17:53:47 2020]
Finished job 30.
17 of 68 steps (25%) done

[Thu Jul 23 17:53:47 2020]
Job 48: First stringtie run...

[Thu Jul 23 17:54:58 2020]
Finished job 48.
18 of 68 steps (26%) done

[Thu Jul 23 17:54:58 2020]
Job 12: First stringtie run...

[Thu Jul 23 17:55:58 2020]
Finished job 12.
19 of 68 steps (28%) done

[Thu Jul 23 17:55:58 2020]
Job 35: First stringtie run...

[Thu Jul 23 17:56:55 2020]
Finished job 35.
20 of 68 steps (29%) done

[Thu Jul 23 17:56:55 2020]
Job 42: First stringtie run...

[Thu Jul 23 17:57:58 2020]
Finished job 42.
21 of 68 steps (31%) done

[Thu Jul 23 17:57:58 2020]
Job 34: First stringtie run...

[Thu Jul 23 17:59:02 2020]
Finished job 34.
22 of 68 steps (32%) done

[Thu Jul 23 17:59:02 2020]
Job 28: First stringtie run...

[Thu Jul 23 18:00:01 2020]
Finished job 28.
23 of 68 steps (34%) done

[Thu Jul 23 18:00:01 2020]
Job 59: First stringtie run...

[Thu Jul 23 18:00:48 2020]
Finished job 59.
24 of 68 steps (35%) done

[Thu Jul 23 18:00:48 2020]
Job 29: First stringtie run...

[Thu Jul 23 18:01:44 2020]
Finished job 29.
25 of 68 steps (37%) done

[Thu Jul 23 18:01:44 2020]
Job 56: First stringtie run...

[Thu Jul 23 18:02:37 2020]
Finished job 56.
26 of 68 steps (38%) done

[Thu Jul 23 18:02:37 2020]
Job 21: First stringtie run...

[Thu Jul 23 18:03:22 2020]
Finished job 21.
27 of 68 steps (40%) done

[Thu Jul 23 18:03:22 2020]
Job 18: First stringtie run...

[Thu Jul 23 18:03:59 2020]
Finished job 18.
28 of 68 steps (41%) done

[Thu Jul 23 18:03:59 2020]
Job 26: First stringtie run...

[Thu Jul 23 18:04:41 2020]
Finished job 26.
29 of 68 steps (43%) done

[Thu Jul 23 18:04:41 2020]
Job 8: First stringtie run...

[Thu Jul 23 18:05:20 2020]
Finished job 8.
30 of 68 steps (44%) done

[Thu Jul 23 18:05:20 2020]
Job 10: First stringtie run...

[Thu Jul 23 18:06:01 2020]
Finished job 10.
31 of 68 steps (46%) done

[Thu Jul 23 18:06:01 2020]
Job 4: First stringtie run...

[Thu Jul 23 18:06:27 2020]
Finished job 4.
32 of 68 steps (47%) done

[Thu Jul 23 18:06:27 2020]
Job 40: First stringtie run...

[Thu Jul 23 18:06:57 2020]
Finished job 40.
33 of 68 steps (49%) done

[Thu Jul 23 18:06:57 2020]
Job 45: First stringtie run...

[Thu Jul 23 18:07:31 2020]
Finished job 45.
34 of 68 steps (50%) done

[Thu Jul 23 18:07:31 2020]
Job 62: First stringtie run...

[Thu Jul 23 18:08:05 2020]
Finished job 62.
35 of 68 steps (51%) done

[Thu Jul 23 18:08:05 2020]
Job 57: First stringtie run...

[Thu Jul 23 18:08:36 2020]
Finished job 57.
36 of 68 steps (53%) done

[Thu Jul 23 18:08:36 2020]
Job 67: First stringtie run...

[Thu Jul 23 18:09:07 2020]
Finished job 67.
37 of 68 steps (54%) done

[Thu Jul 23 18:09:07 2020]
Job 27: First stringtie run...

[Thu Jul 23 18:09:35 2020]
Finished job 27.
38 of 68 steps (56%) done

[Thu Jul 23 18:09:35 2020]
Job 32: First stringtie run...

[Thu Jul 23 18:09:59 2020]
Finished job 32.
39 of 68 steps (57%) done

[Thu Jul 23 18:09:59 2020]
Job 31: First stringtie run...

[Thu Jul 23 18:10:26 2020]
Finished job 31.
40 of 68 steps (59%) done

[Thu Jul 23 18:10:26 2020]
Job 14: First stringtie run...

[Thu Jul 23 18:10:52 2020]
Finished job 14.
41 of 68 steps (60%) done

[Thu Jul 23 18:10:52 2020]
Job 36: First stringtie run...

[Thu Jul 23 18:11:12 2020]
Finished job 36.
42 of 68 steps (62%) done

[Thu Jul 23 18:11:12 2020]
Job 20: First stringtie run...

[Thu Jul 23 18:11:36 2020]
Finished job 20.
43 of 68 steps (63%) done

[Thu Jul 23 18:11:36 2020]
Job 66: First stringtie run...

[Thu Jul 23 18:11:57 2020]
Finished job 66.
44 of 68 steps (65%) done

[Thu Jul 23 18:11:57 2020]
Job 60: First stringtie run...

[Thu Jul 23 18:12:20 2020]
Finished job 60.
45 of 68 steps (66%) done

[Thu Jul 23 18:12:20 2020]
Job 11: First stringtie run...

[Thu Jul 23 18:12:42 2020]
Finished job 11.
46 of 68 steps (68%) done

[Thu Jul 23 18:12:42 2020]
Job 65: First stringtie run...

[Thu Jul 23 18:13:03 2020]
Finished job 65.
47 of 68 steps (69%) done

[Thu Jul 23 18:13:03 2020]
Job 39: First stringtie run...

[Thu Jul 23 18:13:19 2020]
Finished job 39.
48 of 68 steps (71%) done

[Thu Jul 23 18:13:19 2020]
Job 7: First stringtie run...

[Thu Jul 23 18:13:35 2020]
Finished job 7.
49 of 68 steps (72%) done

[Thu Jul 23 18:13:35 2020]
Job 52: First stringtie run...

[Thu Jul 23 18:13:49 2020]
Finished job 52.
50 of 68 steps (74%) done

[Thu Jul 23 18:13:50 2020]
Job 58: First stringtie run...

[Thu Jul 23 18:14:06 2020]
Finished job 58.
51 of 68 steps (75%) done

[Thu Jul 23 18:14:06 2020]
Job 33: First stringtie run...

[Thu Jul 23 18:14:22 2020]
Finished job 33.
52 of 68 steps (76%) done

[Thu Jul 23 18:14:22 2020]
Job 6: First stringtie run...

[Thu Jul 23 18:14:33 2020]
Finished job 6.
53 of 68 steps (78%) done

[Thu Jul 23 18:14:33 2020]
Job 53: First stringtie run...

[Thu Jul 23 18:14:48 2020]
Finished job 53.
54 of 68 steps (79%) done

[Thu Jul 23 18:14:48 2020]
Job 44: First stringtie run...

[Thu Jul 23 18:15:01 2020]
Finished job 44.
55 of 68 steps (81%) done

[Thu Jul 23 18:15:01 2020]
Job 46: First stringtie run...

[Thu Jul 23 18:15:14 2020]
Finished job 46.
56 of 68 steps (82%) done

[Thu Jul 23 18:15:14 2020]
Job 64: First stringtie run...

[Thu Jul 23 18:15:27 2020]
Finished job 64.
57 of 68 steps (84%) done

[Thu Jul 23 18:15:27 2020]
Job 9: First stringtie run...

[Thu Jul 23 18:15:38 2020]
Finished job 9.
58 of 68 steps (85%) done

[Thu Jul 23 18:15:38 2020]
Job 15: First stringtie run...

[Thu Jul 23 18:15:50 2020]
Finished job 15.
59 of 68 steps (87%) done

[Thu Jul 23 18:15:50 2020]
Job 41: First stringtie run...

[Thu Jul 23 18:16:02 2020]
Finished job 41.
60 of 68 steps (88%) done

[Thu Jul 23 18:16:02 2020]
Job 54: First stringtie run...

[Thu Jul 23 18:16:12 2020]
Finished job 54.
61 of 68 steps (90%) done

[Thu Jul 23 18:16:12 2020]
Job 19: First stringtie run...

[Thu Jul 23 18:16:23 2020]
Finished job 19.
62 of 68 steps (91%) done

[Thu Jul 23 18:16:23 2020]
Job 25: First stringtie run...

[Thu Jul 23 18:16:34 2020]
Finished job 25.
63 of 68 steps (93%) done

[Thu Jul 23 18:16:34 2020]
Job 61: First stringtie run...

[Thu Jul 23 18:16:45 2020]
Finished job 61.
64 of 68 steps (94%) done

[Thu Jul 23 18:16:45 2020]
Job 55: First stringtie run...

[Thu Jul 23 18:16:55 2020]
Finished job 55.
65 of 68 steps (96%) done

[Thu Jul 23 18:16:55 2020]
Job 37: First stringtie run...

[Thu Jul 23 18:17:05 2020]
Finished job 37.
66 of 68 steps (97%) done

[Thu Jul 23 18:17:05 2020]
Job 17: First stringtie run...

[Thu Jul 23 18:17:15 2020]
Finished job 17.
67 of 68 steps (99%) done

[Thu Jul 23 18:17:15 2020]
localrule all:
    input: /uru/Data/Nanopore/projects/moth/2020_analysis/expression//stringtie2/ERX1090055_masked_primary/ERX1090055_masked_primary_ST2.gtf, /uru/Data/Nanopore/projects/moth/2020_analysis/expression//stringtie2/ERX1090059_masked_primary/ERX1090059_masked_primary_ST2.gtf, /uru/Data/Nanopore/projects/moth/2020_analysis/expression//stringtie2/ERX1090060_masked_primary/ERX1090060_masked_primary_ST2.gtf, /uru/Data/Nanopore/projects/moth/2020_analysis/expression//stringtie2/ERX341659_masked_primary/ERX341659_masked_primary_ST2.gtf, /uru/Data/Nanopore/projects/moth/2020_analysis/expression//stringtie2/ERX341660_masked_primary/ERX341660_masked_primary_ST2.gtf, /uru/Data/Nanopore/projects/moth/2020_analysis/expression//stringtie2/ERX341661_masked_primary/ERX341661_masked_primary_ST2.gtf, /uru/Data/Nanopore/projects/moth/2020_analysis/expression//stringtie2/ERX341664_masked_primary/ERX341664_masked_primary_ST2.gtf, /uru/Data/Nanopore/projects/moth/2020_analysis/expression//stringtie2/ERX341665_masked_primary/ERX341665_masked_primary_ST2.gtf, /uru/Data/Nanopore/projects/moth/2020_analysis/expression//stringtie2/SRX1339203_masked_primary/SRX1339203_masked_primary_ST2.gtf, /uru/Data/Nanopore/projects/moth/2020_analysis/expression//stringtie2/SRX1339205_masked_primary/SRX1339205_masked_primary_ST2.gtf, /uru/Data/Nanopore/projects/moth/2020_analysis/expression//stringtie2/SRX1339207_masked_primary/SRX1339207_masked_primary_ST2.gtf, /uru/Data/Nanopore/projects/moth/2020_analysis/expression//stringtie2/SRX1339210_masked_primary/SRX1339210_masked_primary_ST2.gtf, /uru/Data/Nanopore/projects/moth/2020_analysis/expression//stringtie2/SRX1339212_masked_primary/SRX1339212_masked_primary_ST2.gtf, /uru/Data/Nanopore/projects/moth/2020_analysis/expression//stringtie2/SRX1339216_masked_primary/SRX1339216_masked_primary_ST2.gtf, /uru/Data/Nanopore/projects/moth/2020_analysis/expression//stringtie2/SRX1339217_masked_primary/SRX1339217_masked_primary_ST2.gtf, /uru/Data/Nanopore/projects/moth/2020_analysis/expression//stringtie2/SRX1339222_masked_primary/SRX1339222_masked_primary_ST2.gtf, /uru/Data/Nanopore/projects/moth/2020_analysis/expression//stringtie2/SRX702703_masked_primary/SRX702703_masked_primary_ST2.gtf, /uru/Data/Nanopore/projects/moth/2020_analysis/expression//stringtie2/SRX702705_masked_primary/SRX702705_masked_primary_ST2.gtf, /uru/Data/Nanopore/projects/moth/2020_analysis/expression//stringtie2/SRX702707_masked_primary/SRX702707_masked_primary_ST2.gtf, /uru/Data/Nanopore/projects/moth/2020_analysis/expression//stringtie2/SRX702708_masked_primary/SRX702708_masked_primary_ST2.gtf, /uru/Data/Nanopore/projects/moth/2020_analysis/expression//stringtie2/SRX702710_masked_primary/SRX702710_masked_primary_ST2.gtf, /uru/Data/Nanopore/projects/moth/2020_analysis/expression//stringtie2/SRX702713_masked_primary/SRX702713_masked_primary_ST2.gtf, /uru/Data/Nanopore/projects/moth/2020_analysis/expression//stringtie2/SRX702714_masked_primary/SRX702714_masked_primary_ST2.gtf, /uru/Data/Nanopore/projects/moth/2020_analysis/expression//stringtie2/SRX702715_masked_primary/SRX702715_masked_primary_ST2.gtf, /uru/Data/Nanopore/projects/moth/2020_analysis/expression//stringtie2/SRX702718_masked_primary/SRX702718_masked_primary_ST2.gtf, /uru/Data/Nanopore/projects/moth/2020_analysis/expression//stringtie2/SRX702721_masked_primary/SRX702721_masked_primary_ST2.gtf, /uru/Data/Nanopore/projects/moth/2020_analysis/expression//stringtie2/SRX702722_masked_primary/SRX702722_masked_primary_ST2.gtf, /uru/Data/Nanopore/projects/moth/2020_analysis/expression//stringtie2/SRX702723_masked_primary/SRX702723_masked_primary_ST2.gtf, /uru/Data/Nanopore/projects/moth/2020_analysis/expression//stringtie2/SRX702724_masked_primary/SRX702724_masked_primary_ST2.gtf, /uru/Data/Nanopore/projects/moth/2020_analysis/expression//stringtie2/SRX702726_masked_primary/SRX702726_masked_primary_ST2.gtf, /uru/Data/Nanopore/projects/moth/2020_analysis/expression//stringtie2/SRX702727_masked_primary/SRX702727_masked_primary_ST2.gtf, /uru/Data/Nanopore/projects/moth/2020_analysis/expression//stringtie2/SRX702728_masked_primary/SRX702728_masked_primary_ST2.gtf, /uru/Data/Nanopore/projects/moth/2020_analysis/expression//stringtie2/SRX702730_masked_primary/SRX702730_masked_primary_ST2.gtf, /uru/Data/Nanopore/projects/moth/2020_analysis/expression//stringtie2/SRX702733_masked_primary/SRX702733_masked_primary_ST2.gtf, /uru/Data/Nanopore/projects/moth/2020_analysis/expression//stringtie2/ERX341658_masked_primary/ERX341658_masked_primary_ST2.gtf, /uru/Data/Nanopore/projects/moth/2020_analysis/expression//stringtie2/ERX1090056_masked_primary/ERX1090056_masked_primary_ST2.gtf, /uru/Data/Nanopore/projects/moth/2020_analysis/expression//stringtie2/ERX1090057_masked_primary/ERX1090057_masked_primary_ST2.gtf, /uru/Data/Nanopore/projects/moth/2020_analysis/expression//stringtie2/ERX1090058_masked_primary/ERX1090058_masked_primary_ST2.gtf, /uru/Data/Nanopore/projects/moth/2020_analysis/expression//stringtie2/ERX1090061_masked_primary/ERX1090061_masked_primary_ST2.gtf, /uru/Data/Nanopore/projects/moth/2020_analysis/expression//stringtie2/ERX341662_masked_primary/ERX341662_masked_primary_ST2.gtf, /uru/Data/Nanopore/projects/moth/2020_analysis/expression//stringtie2/ERX341663_masked_primary/ERX341663_masked_primary_ST2.gtf, /uru/Data/Nanopore/projects/moth/2020_analysis/expression//stringtie2/SRX1339202_masked_primary/SRX1339202_masked_primary_ST2.gtf, /uru/Data/Nanopore/projects/moth/2020_analysis/expression//stringtie2/SRX702701_masked_primary/SRX702701_masked_primary_ST2.gtf, /uru/Data/Nanopore/projects/moth/2020_analysis/expression//stringtie2/SRX1339204_masked_primary/SRX1339204_masked_primary_ST2.gtf, /uru/Data/Nanopore/projects/moth/2020_analysis/expression//stringtie2/SRX1339206_masked_primary/SRX1339206_masked_primary_ST2.gtf, /uru/Data/Nanopore/projects/moth/2020_analysis/expression//stringtie2/SRX702702_masked_primary/SRX702702_masked_primary_ST2.gtf, /uru/Data/Nanopore/projects/moth/2020_analysis/expression//stringtie2/SRX1339208_masked_primary/SRX1339208_masked_primary_ST2.gtf, /uru/Data/Nanopore/projects/moth/2020_analysis/expression//stringtie2/SRX1339209_masked_primary/SRX1339209_masked_primary_ST2.gtf, /uru/Data/Nanopore/projects/moth/2020_analysis/expression//stringtie2/SRX702704_masked_primary/SRX702704_masked_primary_ST2.gtf, /uru/Data/Nanopore/projects/moth/2020_analysis/expression//stringtie2/SRX1339211_masked_primary/SRX1339211_masked_primary_ST2.gtf, /uru/Data/Nanopore/projects/moth/2020_analysis/expression//stringtie2/SRX1339218_masked_primary/SRX1339218_masked_primary_ST2.gtf, /uru/Data/Nanopore/projects/moth/2020_analysis/expression//stringtie2/SRX702706_masked_primary/SRX702706_masked_primary_ST2.gtf, /uru/Data/Nanopore/projects/moth/2020_analysis/expression//stringtie2/SRX702709_masked_primary/SRX702709_masked_primary_ST2.gtf, /uru/Data/Nanopore/projects/moth/2020_analysis/expression//stringtie2/SRX1339219_masked_primary/SRX1339219_masked_primary_ST2.gtf, /uru/Data/Nanopore/projects/moth/2020_analysis/expression//stringtie2/SRX1339221_masked_primary/SRX1339221_masked_primary_ST2.gtf, /uru/Data/Nanopore/projects/moth/2020_analysis/expression//stringtie2/SRX1339223_masked_primary/SRX1339223_masked_primary_ST2.gtf, /uru/Data/Nanopore/projects/moth/2020_analysis/expression//stringtie2/SRX702711_masked_primary/SRX702711_masked_primary_ST2.gtf, /uru/Data/Nanopore/projects/moth/2020_analysis/expression//stringtie2/SRX1339224_masked_primary/SRX1339224_masked_primary_ST2.gtf, /uru/Data/Nanopore/projects/moth/2020_analysis/expression//stringtie2/SRX702712_masked_primary/SRX702712_masked_primary_ST2.gtf, /uru/Data/Nanopore/projects/moth/2020_analysis/expression//stringtie2/SRX702716_masked_primary/SRX702716_masked_primary_ST2.gtf, /uru/Data/Nanopore/projects/moth/2020_analysis/expression//stringtie2/SRX702717_masked_primary/SRX702717_masked_primary_ST2.gtf, /uru/Data/Nanopore/projects/moth/2020_analysis/expression//stringtie2/SRX702719_masked_primary/SRX702719_masked_primary_ST2.gtf, /uru/Data/Nanopore/projects/moth/2020_analysis/expression//stringtie2/SRX702720_masked_primary/SRX702720_masked_primary_ST2.gtf, /uru/Data/Nanopore/projects/moth/2020_analysis/expression//stringtie2/SRX702725_masked_primary/SRX702725_masked_primary_ST2.gtf, /uru/Data/Nanopore/projects/moth/2020_analysis/expression//stringtie2/SRX702729_masked_primary/SRX702729_masked_primary_ST2.gtf, /uru/Data/Nanopore/projects/moth/2020_analysis/expression//stringtie2/SRX702731_masked_primary/SRX702731_masked_primary_ST2.gtf, /uru/Data/Nanopore/projects/moth/2020_analysis/expression//stringtie2/SRX702732_masked_primary/SRX702732_masked_primary_ST2.gtf
    jobid: 0

[Thu Jul 23 18:17:15 2020]
Finished job 0.
68 of 68 steps (100%) done
Complete log: /home/gmoney/Code/moth/moth/expression/.snakemake/log/2020-07-23T173038.353822.snakemake.log
