2019-07-25 12:23:23,120 NanoPlot 1.26.2 started with arguments Namespace(N50=True, alength=False, bam=None, barcoded=False, color='#4CB391', colormap='Greens', cram=None, downsample=None, dpi=100, drop_outliers=False, fasta=None, fastq=['/kyber/Data/Nanopore/projects/moth/raw_data/181005_moth_decontam.fastq'], fastq_minimal=None, fastq_rich=None, font_scale=1, format='png', listcolormaps=False, listcolors=False, loglength=False, maxlength=None, minlength=None, minqual=None, no_N50=False, outdir='.', path='./', percentqual=False, pickle=None, plots=['kde', 'dot'], prefix='', raw=False, readtype='1D', runtime_until=None, store=False, summary=None, threads=20, title=None, ubam=None, verbose=False)
2019-07-25 12:23:23,120 Python version is: 3.6.8 |Anaconda, Inc.| (default, Dec 30 2018, 01:22:34)  [GCC 7.3.0]
2019-07-25 12:23:23,121 NanoPlot:  valid output format png
2019-07-25 12:23:23,130 Nanoget: Starting to collect statistics from plain fastq file.
2019-07-25 12:51:55,365 Reduced DataFrame memory usage from 100.80427551269531Mb to 58.802494049072266Mb
2019-07-25 12:51:55,692 Nanoget: Gathered all metrics of 4404206 reads
2019-07-25 12:51:58,138 Calculated statistics
2019-07-25 12:51:58,139 Using sequenced read lengths for plotting.
2019-07-25 12:51:58,289 NanoPlot:  Valid color #4CB391.
2019-07-25 12:51:58,289 NanoPlot:  Valid colormap Greens.
2019-07-25 12:51:58,701 NanoPlot:  Creating length plots for Read length.
2019-07-25 12:51:58,724 NanoPlot:  Using 4404206 reads with read length N50 of 9156bp and maximum of 59306bp.
2019-07-25 12:52:04,164 Nanoplotter: orca not found, not creating static image of html. See https://github.com/plotly/orca
2019-07-25 12:52:04,164 Image generation requires the psutil package.

Install using pip:
    $ pip install psutil

Install using conda:
    $ conda install psutil
Traceback (most recent call last):
  File "/home/gmoney/miniconda3/lib/python3.6/site-packages/nanoplotter/plot.py", line 60, in save_static
    pio.write_image(self.fig, self.path.replace('html', 'png'))
  File "/home/gmoney/miniconda3/lib/python3.6/site-packages/plotly/io/_orca.py", line 1705, in write_image
    fig, format=format, scale=scale, width=width, height=height, validate=validate
  File "/home/gmoney/miniconda3/lib/python3.6/site-packages/plotly/io/_orca.py", line 1482, in to_image
    ensure_server()
  File "/home/gmoney/miniconda3/lib/python3.6/site-packages/plotly/io/_orca.py", line 1325, in ensure_server
    """
ValueError: Image generation requires the psutil package.

Install using pip:
    $ pip install psutil

Install using conda:
    $ conda install psutil

2019-07-25 12:52:34,552 Created length plots
2019-07-25 12:52:34,785 NanoPlot:  Creating Read lengths vs Average read quality plots using statistics from 4404206 reads.
2019-07-25 12:53:07,383 Created LengthvsQual plot
2019-07-25 12:53:07,383 Writing html report.
2019-07-25 12:53:55,226 Finished!
