Building DAG of jobs...
Using shell: /bin/bash
Provided cores: 1
Rules claiming more threads will be scaled down.
Job counts:
	count	jobs
	1	all
	1	stringtie_merge
	67	stringtie_short_1st
	67	stringtie_short_2nd
	136

[Tue Mar 24 12:55:47 2020]
Job 135: First stringtie run...


        /home/roham/software/stringtie/stringtie /uru/Data/Nanopore/projects/moth/2020_analysis/sra_rna_data/bam/SRX702725.bam --conservative -o /uru/Data/Nanopore/projects/moth/2020_analysis/sra_rna_data/stringtie2/stringtie2_1st/SRX702725/SRX702725_ST2_1st.gtf -p 10 -B -A /uru/Data/Nanopore/projects/moth/2020_analysis/sra_rna_data/stringtie2/stringtie2_1st/SRX702725/SRX702725_ST2_1st.abun -v 
    
[Tue Mar 24 12:55:47 2020]
Error in rule stringtie_short_1st:
    jobid: 135
    output: /uru/Data/Nanopore/projects/moth/2020_analysis/sra_rna_data/stringtie2/stringtie2_1st/SRX702725/SRX702725_ST2_1st.gtf

RuleException:
CalledProcessError in line 40 of /home/gmoney/Code/moth/moth/annotation/run_stringtie:
Command ' set -euo pipefail;  
        /home/roham/software/stringtie/stringtie /uru/Data/Nanopore/projects/moth/2020_analysis/sra_rna_data/bam/SRX702725.bam --conservative -o /uru/Data/Nanopore/projects/moth/2020_analysis/sra_rna_data/stringtie2/stringtie2_1st/SRX702725/SRX702725_ST2_1st.gtf -p 10 -B -A /uru/Data/Nanopore/projects/moth/2020_analysis/sra_rna_data/stringtie2/stringtie2_1st/SRX702725/SRX702725_ST2_1st.abun -v ' returned non-zero exit status 1.
  File "/home/gmoney/Code/moth/moth/annotation/run_stringtie", line 40, in __rule_stringtie_short_1st
  File "/home/roham/miniconda3/lib/python3.6/concurrent/futures/thread.py", line 56, in run
Shutting down, this might take some time.
Exiting because a job execution failed. Look above for error message
Complete log: /home/gmoney/Code/moth/moth/annotation/.snakemake/log/2020-03-24T125547.381593.snakemake.log
